2026-03-27T02:18:17.458-03:00  INFO 28108 --- [HolaMundo] [RMI TCP Connection(387)-127.0.0.1] inMXBeanRegistrar$SpringApplicationAdmin : Application shutdown requested.
2026-03-27T02:18:17.470-03:00  INFO 28108 --- [HolaMundo] [RMI TCP Connection(387)-127.0.0.1] o.s.b.w.e.tomcat.GracefulShutdown        : Commencing graceful shutdown. Waiting for active requests to complete
2026-03-27T02:18:17.479-03:00  INFO 28108 --- [HolaMundo] [tomcat-shutdown] o.s.b.w.e.tomcat.GracefulShutdown        : Graceful shutdown complete
2026-03-27T02:18:17.484-03:00  INFO 28108 --- [HolaMundo] [RMI TCP Connection(387)-127.0.0.1] j.LocalContainerEntityManagerFactoryBean : Closing JPA EntityManagerFactory for persistence unit 'default'
2026-03-27T02:18:17.488-03:00  INFO 28108 --- [HolaMundo] [RMI TCP Connection(387)-127.0.0.1] com.zaxxer.hikari.HikariDataSource       : HikariPool-1 - Shutdown initiated...
2026-03-27T02:18:17.492-03:00  INFO 28108 --- [HolaMundo] [RMI TCP Connection(387)-127.0.0.1] com.zaxxer.hikari.HikariDataSource       : HikariPool-1 - Shutdown completed.
2026-03-27T02:18:33.193-03:00  INFO 55344 --- [HolaMundo] [restartedMain] c.e.demo.GestionMuestrasLabApplication   : Starting GestionMuestrasLabApplication using Java 21.0.10 with PID 55344 (C:\Users\Ronnie\Documents\workspace-spring-tools-for-eclipse-5.1.1.RELEASE\Gestion_muestras_lab\target\classes started by Ronnie in C:\Users\Ronnie\Documents\workspace-spring-tools-for-eclipse-5.1.1.RELEASE\Gestion_muestras_lab)
2026-03-27T02:18:33.194-03:00  INFO 55344 --- [HolaMundo] [restartedMain] c.e.demo.GestionMuestrasLabApplication   : No active profile set, falling back to 1 default profile: "default"
2026-03-27T02:18:33.228-03:00  INFO 55344 --- [HolaMundo] [restartedMain] .e.DevToolsPropertyDefaultsPostProcessor : Devtools property defaults active! Set 'spring.devtools.add-properties' to 'false' to disable
2026-03-27T02:18:33.228-03:00  INFO 55344 --- [HolaMundo] [restartedMain] .e.DevToolsPropertyDefaultsPostProcessor : For additional web related logging consider setting the 'logging.level.web' property to 'DEBUG'
2026-03-27T02:18:33.750-03:00  INFO 55344 --- [HolaMundo] [restartedMain] .s.d.r.c.RepositoryConfigurationDelegate : Bootstrapping Spring Data JPA repositories in DEFAULT mode.
2026-03-27T02:18:33.806-03:00  INFO 55344 --- [HolaMundo] [restartedMain] .s.d.r.c.RepositoryConfigurationDelegate : Finished Spring Data repository scanning in 49 ms. Found 2 JPA repository interfaces.
2026-03-27T02:18:34.237-03:00  INFO 55344 --- [HolaMundo] [restartedMain] o.s.b.w.embedded.tomcat.TomcatWebServer  : Tomcat initialized with port 8080 (http)
2026-03-27T02:18:34.249-03:00  INFO 55344 --- [HolaMundo] [restartedMain] o.apache.catalina.core.StandardService   : Starting service [Tomcat]
2026-03-27T02:18:34.249-03:00  INFO 55344 --- [HolaMundo] [restartedMain] o.apache.catalina.core.StandardEngine    : Starting Servlet engine: [Apache Tomcat/10.1.46]
2026-03-27T02:18:34.405-03:00  INFO 55344 --- [HolaMundo] [restartedMain] org.apache.jasper.servlet.TldScanner     : At least one JAR was scanned for TLDs yet contained no TLDs. Enable debug logging for this logger for a complete list of JARs that were scanned but no TLDs were found in them. Skipping unneeded JARs during scanning can improve startup time and JSP compilation time.
2026-03-27T02:18:34.411-03:00  INFO 55344 --- [HolaMundo] [restartedMain] o.a.c.c.C.[Tomcat].[localhost].[/]       : Initializing Spring embedded WebApplicationContext
2026-03-27T02:18:34.412-03:00  INFO 55344 --- [HolaMundo] [restartedMain] w.s.c.ServletWebServerApplicationContext : Root WebApplicationContext: initialization completed in 1183 ms
2026-03-27T02:18:34.545-03:00  INFO 55344 --- [HolaMundo] [restartedMain] o.hibernate.jpa.internal.util.LogHelper  : HHH000204: Processing PersistenceUnitInfo [name: default]
2026-03-27T02:18:34.589-03:00  INFO 55344 --- [HolaMundo] [restartedMain] org.hibernate.Version                    : HHH000412: Hibernate ORM core version 6.6.29.Final
2026-03-27T02:18:34.616-03:00  INFO 55344 --- [HolaMundo] [restartedMain] o.h.c.internal.RegionFactoryInitiator    : HHH000026: Second-level cache disabled
2026-03-27T02:18:34.837-03:00  INFO 55344 --- [HolaMundo] [restartedMain] o.s.o.j.p.SpringPersistenceUnitInfo      : No LoadTimeWeaver setup: ignoring JPA class transformer
2026-03-27T02:18:34.864-03:00  INFO 55344 --- [HolaMundo] [restartedMain] com.zaxxer.hikari.HikariDataSource       : HikariPool-1 - Starting...
2026-03-27T02:18:34.991-03:00  INFO 55344 --- [HolaMundo] [restartedMain] com.zaxxer.hikari.pool.HikariPool        : HikariPool-1 - Added connection com.mysql.cj.jdbc.ConnectionImpl@7d2de25d
2026-03-27T02:18:34.993-03:00  INFO 55344 --- [HolaMundo] [restartedMain] com.zaxxer.hikari.HikariDataSource       : HikariPool-1 - Start completed.
2026-03-27T02:18:35.068-03:00  WARN 55344 --- [HolaMundo] [restartedMain] org.hibernate.orm.deprecation            : HHH90000025: MySQL8Dialect does not need to be specified explicitly using 'hibernate.dialect' (remove the property setting and it will be selected by default)
2026-03-27T02:18:35.069-03:00  WARN 55344 --- [HolaMundo] [restartedMain] org.hibernate.orm.deprecation            : HHH90000026: MySQL8Dialect has been deprecated; use org.hibernate.dialect.MySQLDialect instead
2026-03-27T02:18:35.083-03:00  INFO 55344 --- [HolaMundo] [restartedMain] org.hibernate.orm.connections.pooling    : HHH10001005: Database info:
	Database JDBC URL [Connecting through datasource 'HikariDataSource (HikariPool-1)']
	Database driver: undefined/unknown
	Database version: 8.0
	Autocommit mode: undefined/unknown
	Isolation level: undefined/unknown
	Minimum pool size: undefined/unknown
	Maximum pool size: undefined/unknown
2026-03-27T02:18:35.788-03:00  INFO 55344 --- [HolaMundo] [restartedMain] o.h.e.t.j.p.i.JtaPlatformInitiator       : HHH000489: No JTA platform available (set 'hibernate.transaction.jta.platform' to enable JTA platform integration)
2026-03-27T02:18:35.856-03:00  INFO 55344 --- [HolaMundo] [restartedMain] j.LocalContainerEntityManagerFactoryBean : Initialized JPA EntityManagerFactory for persistence unit 'default'
2026-03-27T02:18:36.111-03:00  WARN 55344 --- [HolaMundo] [restartedMain] JpaBaseConfiguration$JpaWebConfiguration : spring.jpa.open-in-view is enabled by default. Therefore, database queries may be performed during view rendering. Explicitly configure spring.jpa.open-in-view to disable this warning
2026-03-27T02:18:36.181-03:00 DEBUG 55344 --- [HolaMundo] [restartedMain] s.w.s.m.m.a.RequestMappingHandlerMapping : 15 mappings in 'requestMappingHandlerMapping'
2026-03-27T02:18:36.245-03:00 DEBUG 55344 --- [HolaMundo] [restartedMain] o.s.w.s.handler.SimpleUrlHandlerMapping  : Patterns [/webjars/**, /**] in 'resourceHandlerMapping'
2026-03-27T02:18:36.267-03:00 DEBUG 55344 --- [HolaMundo] [restartedMain] s.w.s.m.m.a.RequestMappingHandlerAdapter : ControllerAdvice beans: 0 @ModelAttribute, 0 @InitBinder, 1 RequestBodyAdvice, 1 ResponseBodyAdvice
2026-03-27T02:18:36.310-03:00 DEBUG 55344 --- [HolaMundo] [restartedMain] .m.m.a.ExceptionHandlerExceptionResolver : ControllerAdvice beans: 0 @ExceptionHandler, 1 ResponseBodyAdvice
2026-03-27T02:18:36.405-03:00  WARN 55344 --- [HolaMundo] [restartedMain] .s.s.UserDetailsServiceAutoConfiguration : 

Using generated security password: a35c761d-fe68-4729-a227-502b79ecc84d

This generated password is for development use only. Your security configuration must be updated before running your application in production.

2026-03-27T02:18:36.413-03:00  INFO 55344 --- [HolaMundo] [restartedMain] r$InitializeUserDetailsManagerConfigurer : Global AuthenticationManager configured with UserDetailsService bean with name inMemoryUserDetailsManager
2026-03-27T02:18:36.522-03:00  INFO 55344 --- [HolaMundo] [restartedMain] o.s.b.d.a.OptionalLiveReloadServer       : LiveReload server is running on port 35729
2026-03-27T02:18:36.560-03:00  INFO 55344 --- [HolaMundo] [restartedMain] o.s.b.w.embedded.tomcat.TomcatWebServer  : Tomcat started on port 8080 (http) with context path '/'
2026-03-27T02:18:36.566-03:00  INFO 55344 --- [HolaMundo] [restartedMain] c.e.demo.GestionMuestrasLabApplication   : Started GestionMuestrasLabApplication in 3.709 seconds (process running for 4.475)
2026-03-27T02:22:18.975-03:00  INFO 55344 --- [HolaMundo] [http-nio-8080-exec-1] o.a.c.c.C.[Tomcat].[localhost].[/]       : Initializing Spring DispatcherServlet 'dispatcherServlet'
2026-03-27T02:22:18.975-03:00  INFO 55344 --- [HolaMundo] [http-nio-8080-exec-1] o.s.web.servlet.DispatcherServlet        : Initializing Servlet 'dispatcherServlet'
2026-03-27T02:22:18.975-03:00 DEBUG 55344 --- [HolaMundo] [http-nio-8080-exec-1] o.s.web.servlet.DispatcherServlet        : Detected StandardServletMultipartResolver
2026-03-27T02:22:18.975-03:00 DEBUG 55344 --- [HolaMundo] [http-nio-8080-exec-1] o.s.web.servlet.DispatcherServlet        : Detected AcceptHeaderLocaleResolver
2026-03-27T02:22:18.977-03:00 DEBUG 55344 --- [HolaMundo] [http-nio-8080-exec-1] o.s.web.servlet.DispatcherServlet        : Detected FixedThemeResolver
2026-03-27T02:22:18.978-03:00 DEBUG 55344 --- [HolaMundo] [http-nio-8080-exec-1] o.s.web.servlet.DispatcherServlet        : Detected org.springframework.web.servlet.view.DefaultRequestToViewNameTranslator@30d80a4b
2026-03-27T02:22:18.978-03:00 DEBUG 55344 --- [HolaMundo] [http-nio-8080-exec-1] o.s.web.servlet.DispatcherServlet        : Detected org.springframework.web.servlet.support.SessionFlashMapManager@3f9f0858
2026-03-27T02:22:18.978-03:00 DEBUG 55344 --- [HolaMundo] [http-nio-8080-exec-1] o.s.web.servlet.DispatcherServlet        : enableLoggingRequestDetails='false': request parameters and headers will be masked to prevent unsafe logging of potentially sensitive data
2026-03-27T02:22:18.978-03:00  INFO 55344 --- [HolaMundo] [http-nio-8080-exec-1] o.s.web.servlet.DispatcherServlet        : Completed initialization in 3 ms
2026-03-27T02:24:27.544-03:00 DEBUG 55344 --- [HolaMundo] [http-nio-8080-exec-6] o.s.web.servlet.DispatcherServlet        : GET "/muestras", parameters={}
2026-03-27T02:24:27.546-03:00 DEBUG 55344 --- [HolaMundo] [http-nio-8080-exec-6] s.w.s.m.m.a.RequestMappingHandlerMapping : Mapped to com.example.demo.controllers.MuestraController#listar()
2026-03-27T02:24:27.719-03:00 DEBUG 55344 --- [HolaMundo] [http-nio-8080-exec-6] m.m.a.RequestResponseBodyMethodProcessor : Using 'application/json', given [*/*] and supported [application/json, application/*+json]
2026-03-27T02:24:27.720-03:00 DEBUG 55344 --- [HolaMundo] [http-nio-8080-exec-6] m.m.a.RequestResponseBodyMethodProcessor : Writing [[]]
2026-03-27T02:24:27.734-03:00 DEBUG 55344 --- [HolaMundo] [http-nio-8080-exec-6] o.s.web.servlet.DispatcherServlet        : Completed 200 OK
2026-03-27T02:25:24.845-03:00 DEBUG 55344 --- [HolaMundo] [http-nio-8080-exec-8] o.s.web.servlet.DispatcherServlet        : GET "/muestras", parameters={}
2026-03-27T02:25:24.846-03:00 DEBUG 55344 --- [HolaMundo] [http-nio-8080-exec-8] s.w.s.m.m.a.RequestMappingHandlerMapping : Mapped to com.example.demo.controllers.MuestraController#listar()
2026-03-27T02:25:24.851-03:00 DEBUG 55344 --- [HolaMundo] [http-nio-8080-exec-8] m.m.a.RequestResponseBodyMethodProcessor : Using 'application/json', given [*/*] and supported [application/json, application/*+json]
2026-03-27T02:25:24.851-03:00 DEBUG 55344 --- [HolaMundo] [http-nio-8080-exec-8] m.m.a.RequestResponseBodyMethodProcessor : Writing [[]]
2026-03-27T02:25:24.853-03:00 DEBUG 55344 --- [HolaMundo] [http-nio-8080-exec-8] o.s.web.servlet.DispatcherServlet        : Completed 200 OK
2026-03-27T02:31:45.997-03:00  INFO 55344 --- [HolaMundo] [File Watcher] rtingClassPathChangeChangedEventListener : Restarting due to 1 class path change (1 addition, 0 deletions, 0 modifications)
2026-03-27T02:31:46.000-03:00  INFO 55344 --- [HolaMundo] [Thread-5] o.s.b.w.e.tomcat.GracefulShutdown        : Commencing graceful shutdown. Waiting for active requests to complete
2026-03-27T02:31:46.004-03:00  INFO 55344 --- [HolaMundo] [tomcat-shutdown] o.s.b.w.e.tomcat.GracefulShutdown        : Graceful shutdown complete
2026-03-27T02:31:46.008-03:00  INFO 55344 --- [HolaMundo] [Thread-5] j.LocalContainerEntityManagerFactoryBean : Closing JPA EntityManagerFactory for persistence unit 'default'
2026-03-27T02:31:46.009-03:00  INFO 55344 --- [HolaMundo] [Thread-5] com.zaxxer.hikari.HikariDataSource       : HikariPool-1 - Shutdown initiated...
2026-03-27T02:31:46.014-03:00  INFO 55344 --- [HolaMundo] [Thread-5] com.zaxxer.hikari.HikariDataSource       : HikariPool-1 - Shutdown completed.
2026-03-27T02:31:46.118-03:00  INFO 55344 --- [HolaMundo] [restartedMain] c.e.demo.GestionMuestrasLabApplication   : Starting GestionMuestrasLabApplication using Java 21.0.10 with PID 55344 (C:\Users\Ronnie\Documents\workspace-spring-tools-for-eclipse-5.1.1.RELEASE\Gestion_muestras_lab\target\classes started by Ronnie in C:\Users\Ronnie\Documents\workspace-spring-tools-for-eclipse-5.1.1.RELEASE\Gestion_muestras_lab)
2026-03-27T02:31:46.118-03:00  INFO 55344 --- [HolaMundo] [restartedMain] c.e.demo.GestionMuestrasLabApplication   : No active profile set, falling back to 1 default profile: "default"
2026-03-27T02:31:46.271-03:00  INFO 55344 --- [HolaMundo] [restartedMain] .s.d.r.c.RepositoryConfigurationDelegate : Bootstrapping Spring Data JPA repositories in DEFAULT mode.
2026-03-27T02:31:46.286-03:00  INFO 55344 --- [HolaMundo] [restartedMain] .s.d.r.c.RepositoryConfigurationDelegate : Finished Spring Data repository scanning in 13 ms. Found 2 JPA repository interfaces.
2026-03-27T02:31:46.373-03:00  INFO 55344 --- [HolaMundo] [restartedMain] o.s.b.w.embedded.tomcat.TomcatWebServer  : Tomcat initialized with port 8080 (http)
2026-03-27T02:31:46.374-03:00  INFO 55344 --- [HolaMundo] [restartedMain] o.apache.catalina.core.StandardService   : Starting service [Tomcat]
2026-03-27T02:31:46.375-03:00  INFO 55344 --- [HolaMundo] [restartedMain] o.apache.catalina.core.StandardEngine    : Starting Servlet engine: [Apache Tomcat/10.1.46]
2026-03-27T02:31:46.442-03:00  INFO 55344 --- [HolaMundo] [restartedMain] org.apache.jasper.servlet.TldScanner     : At least one JAR was scanned for TLDs yet contained no TLDs. Enable debug logging for this logger for a complete list of JARs that were scanned but no TLDs were found in them. Skipping unneeded JARs during scanning can improve startup time and JSP compilation time.
2026-03-27T02:31:46.446-03:00  INFO 55344 --- [HolaMundo] [restartedMain] o.a.c.c.C.[Tomcat].[localhost].[/]       : Initializing Spring embedded WebApplicationContext
2026-03-27T02:31:46.446-03:00  INFO 55344 --- [HolaMundo] [restartedMain] w.s.c.ServletWebServerApplicationContext : Root WebApplicationContext: initialization completed in 326 ms
2026-03-27T02:31:46.481-03:00  INFO 55344 --- [HolaMundo] [restartedMain] o.hibernate.jpa.internal.util.LogHelper  : HHH000204: Processing PersistenceUnitInfo [name: default]
2026-03-27T02:31:46.484-03:00  INFO 55344 --- [HolaMundo] [restartedMain] o.h.c.internal.RegionFactoryInitiator    : HHH000026: Second-level cache disabled
2026-03-27T02:31:46.491-03:00  INFO 55344 --- [HolaMundo] [restartedMain] o.s.o.j.p.SpringPersistenceUnitInfo      : No LoadTimeWeaver setup: ignoring JPA class transformer
2026-03-27T02:31:46.492-03:00  INFO 55344 --- [HolaMundo] [restartedMain] com.zaxxer.hikari.HikariDataSource       : HikariPool-2 - Starting...
2026-03-27T02:31:46.497-03:00  INFO 55344 --- [HolaMundo] [restartedMain] com.zaxxer.hikari.pool.HikariPool        : HikariPool-2 - Added connection com.mysql.cj.jdbc.ConnectionImpl@6091ed70
2026-03-27T02:31:46.497-03:00  INFO 55344 --- [HolaMundo] [restartedMain] com.zaxxer.hikari.HikariDataSource       : HikariPool-2 - Start completed.
2026-03-27T02:31:46.497-03:00  WARN 55344 --- [HolaMundo] [restartedMain] org.hibernate.orm.deprecation            : HHH90000025: MySQL8Dialect does not need to be specified explicitly using 'hibernate.dialect' (remove the property setting and it will be selected by default)
2026-03-27T02:31:46.497-03:00  WARN 55344 --- [HolaMundo] [restartedMain] org.hibernate.orm.deprecation            : HHH90000026: MySQL8Dialect has been deprecated; use org.hibernate.dialect.MySQLDialect instead
2026-03-27T02:31:46.498-03:00  INFO 55344 --- [HolaMundo] [restartedMain] org.hibernate.orm.connections.pooling    : HHH10001005: Database info:
	Database JDBC URL [Connecting through datasource 'HikariDataSource (HikariPool-2)']
	Database driver: undefined/unknown
	Database version: 8.0
	Autocommit mode: undefined/unknown
	Isolation level: undefined/unknown
	Minimum pool size: undefined/unknown
	Maximum pool size: undefined/unknown
2026-03-27T02:31:46.537-03:00  INFO 55344 --- [HolaMundo] [restartedMain] o.h.e.t.j.p.i.JtaPlatformInitiator       : HHH000489: No JTA platform available (set 'hibernate.transaction.jta.platform' to enable JTA platform integration)
2026-03-27T02:31:46.551-03:00  INFO 55344 --- [HolaMundo] [restartedMain] j.LocalContainerEntityManagerFactoryBean : Initialized JPA EntityManagerFactory for persistence unit 'default'
2026-03-27T02:31:46.614-03:00  WARN 55344 --- [HolaMundo] [restartedMain] JpaBaseConfiguration$JpaWebConfiguration : spring.jpa.open-in-view is enabled by default. Therefore, database queries may be performed during view rendering. Explicitly configure spring.jpa.open-in-view to disable this warning
2026-03-27T02:31:46.634-03:00 DEBUG 55344 --- [HolaMundo] [restartedMain] s.w.s.m.m.a.RequestMappingHandlerMapping : 15 mappings in 'requestMappingHandlerMapping'
2026-03-27T02:31:46.665-03:00 DEBUG 55344 --- [HolaMundo] [restartedMain] o.s.w.s.handler.SimpleUrlHandlerMapping  : Patterns [/webjars/**, /**] in 'resourceHandlerMapping'
2026-03-27T02:31:46.672-03:00 DEBUG 55344 --- [HolaMundo] [restartedMain] s.w.s.m.m.a.RequestMappingHandlerAdapter : ControllerAdvice beans: 0 @ModelAttribute, 0 @InitBinder, 1 RequestBodyAdvice, 1 ResponseBodyAdvice
2026-03-27T02:31:46.677-03:00 DEBUG 55344 --- [HolaMundo] [restartedMain] .m.m.a.ExceptionHandlerExceptionResolver : ControllerAdvice beans: 0 @ExceptionHandler, 1 ResponseBodyAdvice
2026-03-27T02:31:46.711-03:00  WARN 55344 --- [HolaMundo] [restartedMain] .s.s.UserDetailsServiceAutoConfiguration : 

Using generated security password: 07168e3c-712b-4971-ad48-f768e2b16bc7

This generated password is for development use only. Your security configuration must be updated before running your application in production.

2026-03-27T02:31:46.712-03:00  INFO 55344 --- [HolaMundo] [restartedMain] r$InitializeUserDetailsManagerConfigurer : Global AuthenticationManager configured with UserDetailsService bean with name inMemoryUserDetailsManager
2026-03-27T02:31:46.735-03:00  INFO 55344 --- [HolaMundo] [restartedMain] o.s.b.d.a.OptionalLiveReloadServer       : LiveReload server is running on port 35729
2026-03-27T02:31:46.747-03:00  INFO 55344 --- [HolaMundo] [restartedMain] o.s.b.w.embedded.tomcat.TomcatWebServer  : Tomcat started on port 8080 (http) with context path '/'
2026-03-27T02:31:46.750-03:00  INFO 55344 --- [HolaMundo] [restartedMain] c.e.demo.GestionMuestrasLabApplication   : Started GestionMuestrasLabApplication in 0.658 seconds (process running for 794.657)
2026-03-27T02:31:46.751-03:00  INFO 55344 --- [HolaMundo] [restartedMain] .ConditionEvaluationDeltaLoggingListener : Condition evaluation unchanged
2026-03-27T02:31:49.420-03:00  INFO 55344 --- [HolaMundo] [RMI TCP Connection(18)-127.0.0.1] inMXBeanRegistrar$SpringApplicationAdmin : Application shutdown requested.
2026-03-27T02:31:49.421-03:00  INFO 55344 --- [HolaMundo] [RMI TCP Connection(18)-127.0.0.1] o.s.b.w.e.tomcat.GracefulShutdown        : Commencing graceful shutdown. Waiting for active requests to complete
2026-03-27T02:31:49.424-03:00  INFO 55344 --- [HolaMundo] [tomcat-shutdown] o.s.b.w.e.tomcat.GracefulShutdown        : Graceful shutdown complete
2026-03-27T02:31:49.427-03:00  INFO 55344 --- [HolaMundo] [RMI TCP Connection(18)-127.0.0.1] j.LocalContainerEntityManagerFactoryBean : Closing JPA EntityManagerFactory for persistence unit 'default'
2026-03-27T02:31:49.427-03:00  INFO 55344 --- [HolaMundo] [RMI TCP Connection(18)-127.0.0.1] com.zaxxer.hikari.HikariDataSource       : HikariPool-2 - Shutdown initiated...
2026-03-27T02:31:49.428-03:00  INFO 55344 --- [HolaMundo] [RMI TCP Connection(18)-127.0.0.1] com.zaxxer.hikari.HikariDataSource       : HikariPool-2 - Shutdown completed.
2026-03-27T02:45:31.859-03:00  INFO 41016 --- [HolaMundo] [restartedMain] c.e.demo.GestionMuestrasLabApplication   : Starting GestionMuestrasLabApplication using Java 21.0.10 with PID 41016 (C:\Users\Ronnie\Documents\workspace-spring-tools-for-eclipse-5.1.1.RELEASE\Gestion_muestras_lab\target\classes started by Ronnie in C:\Users\Ronnie\Documents\workspace-spring-tools-for-eclipse-5.1.1.RELEASE\Gestion_muestras_lab)
2026-03-27T02:45:31.862-03:00  INFO 41016 --- [HolaMundo] [restartedMain] c.e.demo.GestionMuestrasLabApplication   : No active profile set, falling back to 1 default profile: "default"
2026-03-27T02:45:31.892-03:00  INFO 41016 --- [HolaMundo] [restartedMain] .e.DevToolsPropertyDefaultsPostProcessor : Devtools property defaults active! Set 'spring.devtools.add-properties' to 'false' to disable
2026-03-27T02:45:31.893-03:00  INFO 41016 --- [HolaMundo] [restartedMain] .e.DevToolsPropertyDefaultsPostProcessor : For additional web related logging consider setting the 'logging.level.web' property to 'DEBUG'
2026-03-27T02:45:32.427-03:00  INFO 41016 --- [HolaMundo] [restartedMain] .s.d.r.c.RepositoryConfigurationDelegate : Bootstrapping Spring Data JPA repositories in DEFAULT mode.
2026-03-27T02:45:32.478-03:00  INFO 41016 --- [HolaMundo] [restartedMain] .s.d.r.c.RepositoryConfigurationDelegate : Finished Spring Data repository scanning in 43 ms. Found 2 JPA repository interfaces.
2026-03-27T02:45:32.983-03:00  INFO 41016 --- [HolaMundo] [restartedMain] o.s.b.w.embedded.tomcat.TomcatWebServer  : Tomcat initialized with port 8080 (http)
2026-03-27T02:45:32.996-03:00  INFO 41016 --- [HolaMundo] [restartedMain] o.apache.catalina.core.StandardService   : Starting service [Tomcat]
2026-03-27T02:45:32.996-03:00  INFO 41016 --- [HolaMundo] [restartedMain] o.apache.catalina.core.StandardEngine    : Starting Servlet engine: [Apache Tomcat/10.1.46]
2026-03-27T02:45:33.177-03:00  INFO 41016 --- [HolaMundo] [restartedMain] org.apache.jasper.servlet.TldScanner     : At least one JAR was scanned for TLDs yet contained no TLDs. Enable debug logging for this logger for a complete list of JARs that were scanned but no TLDs were found in them. Skipping unneeded JARs during scanning can improve startup time and JSP compilation time.
2026-03-27T02:45:33.183-03:00  INFO 41016 --- [HolaMundo] [restartedMain] o.a.c.c.C.[Tomcat].[localhost].[/]       : Initializing Spring embedded WebApplicationContext
2026-03-27T02:45:33.183-03:00  INFO 41016 --- [HolaMundo] [restartedMain] w.s.c.ServletWebServerApplicationContext : Root WebApplicationContext: initialization completed in 1290 ms
2026-03-27T02:45:33.320-03:00  INFO 41016 --- [HolaMundo] [restartedMain] o.hibernate.jpa.internal.util.LogHelper  : HHH000204: Processing PersistenceUnitInfo [name: default]
2026-03-27T02:45:33.362-03:00  INFO 41016 --- [HolaMundo] [restartedMain] org.hibernate.Version                    : HHH000412: Hibernate ORM core version 6.6.29.Final
2026-03-27T02:45:33.389-03:00  INFO 41016 --- [HolaMundo] [restartedMain] o.h.c.internal.RegionFactoryInitiator    : HHH000026: Second-level cache disabled
2026-03-27T02:45:33.606-03:00  INFO 41016 --- [HolaMundo] [restartedMain] o.s.o.j.p.SpringPersistenceUnitInfo      : No LoadTimeWeaver setup: ignoring JPA class transformer
2026-03-27T02:45:33.635-03:00  INFO 41016 --- [HolaMundo] [restartedMain] com.zaxxer.hikari.HikariDataSource       : HikariPool-1 - Starting...
2026-03-27T02:45:33.759-03:00  INFO 41016 --- [HolaMundo] [restartedMain] com.zaxxer.hikari.pool.HikariPool        : HikariPool-1 - Added connection com.mysql.cj.jdbc.ConnectionImpl@62eb603c
2026-03-27T02:45:33.761-03:00  INFO 41016 --- [HolaMundo] [restartedMain] com.zaxxer.hikari.HikariDataSource       : HikariPool-1 - Start completed.
2026-03-27T02:45:33.831-03:00  WARN 41016 --- [HolaMundo] [restartedMain] org.hibernate.orm.deprecation            : HHH90000025: MySQL8Dialect does not need to be specified explicitly using 'hibernate.dialect' (remove the property setting and it will be selected by default)
2026-03-27T02:45:33.832-03:00  WARN 41016 --- [HolaMundo] [restartedMain] org.hibernate.orm.deprecation            : HHH90000026: MySQL8Dialect has been deprecated; use org.hibernate.dialect.MySQLDialect instead
2026-03-27T02:45:33.847-03:00  INFO 41016 --- [HolaMundo] [restartedMain] org.hibernate.orm.connections.pooling    : HHH10001005: Database info:
	Database JDBC URL [Connecting through datasource 'HikariDataSource (HikariPool-1)']
	Database driver: undefined/unknown
	Database version: 8.0
	Autocommit mode: undefined/unknown
	Isolation level: undefined/unknown
	Minimum pool size: undefined/unknown
	Maximum pool size: undefined/unknown
2026-03-27T02:45:34.523-03:00  INFO 41016 --- [HolaMundo] [restartedMain] o.h.e.t.j.p.i.JtaPlatformInitiator       : HHH000489: No JTA platform available (set 'hibernate.transaction.jta.platform' to enable JTA platform integration)
2026-03-27T02:45:34.582-03:00  INFO 41016 --- [HolaMundo] [restartedMain] j.LocalContainerEntityManagerFactoryBean : Initialized JPA EntityManagerFactory for persistence unit 'default'
2026-03-27T02:45:34.832-03:00  WARN 41016 --- [HolaMundo] [restartedMain] JpaBaseConfiguration$JpaWebConfiguration : spring.jpa.open-in-view is enabled by default. Therefore, database queries may be performed during view rendering. Explicitly configure spring.jpa.open-in-view to disable this warning
2026-03-27T02:45:34.859-03:00  WARN 41016 --- [HolaMundo] [restartedMain] .s.s.UserDetailsServiceAutoConfiguration : 

Using generated security password: c9264666-08e1-41d3-85cb-230cff29253e

This generated password is for development use only. Your security configuration must be updated before running your application in production.

2026-03-27T02:45:34.866-03:00  INFO 41016 --- [HolaMundo] [restartedMain] r$InitializeUserDetailsManagerConfigurer : Global AuthenticationManager configured with UserDetailsService bean with name inMemoryUserDetailsManager
2026-03-27T02:45:35.007-03:00 DEBUG 41016 --- [HolaMundo] [restartedMain] s.w.s.m.m.a.RequestMappingHandlerMapping : 15 mappings in 'requestMappingHandlerMapping'
2026-03-27T02:45:35.070-03:00 DEBUG 41016 --- [HolaMundo] [restartedMain] o.s.w.s.handler.SimpleUrlHandlerMapping  : Patterns [/webjars/**, /**] in 'resourceHandlerMapping'
2026-03-27T02:45:35.092-03:00 DEBUG 41016 --- [HolaMundo] [restartedMain] s.w.s.m.m.a.RequestMappingHandlerAdapter : ControllerAdvice beans: 0 @ModelAttribute, 0 @InitBinder, 1 RequestBodyAdvice, 1 ResponseBodyAdvice
2026-03-27T02:45:35.128-03:00 DEBUG 41016 --- [HolaMundo] [restartedMain] .m.m.a.ExceptionHandlerExceptionResolver : ControllerAdvice beans: 0 @ExceptionHandler, 1 ResponseBodyAdvice
2026-03-27T02:45:35.239-03:00  INFO 41016 --- [HolaMundo] [restartedMain] o.s.b.d.a.OptionalLiveReloadServer       : LiveReload server is running on port 35729
2026-03-27T02:45:35.276-03:00  INFO 41016 --- [HolaMundo] [restartedMain] o.s.b.w.embedded.tomcat.TomcatWebServer  : Tomcat started on port 8080 (http) with context path '/'
2026-03-27T02:45:35.283-03:00  INFO 41016 --- [HolaMundo] [restartedMain] c.e.demo.GestionMuestrasLabApplication   : Started GestionMuestrasLabApplication in 3.746 seconds (process running for 4.291)
2026-03-27T02:46:10.587-03:00  INFO 41016 --- [HolaMundo] [http-nio-8080-exec-2] o.a.c.c.C.[Tomcat].[localhost].[/]       : Initializing Spring DispatcherServlet 'dispatcherServlet'
2026-03-27T02:46:10.588-03:00  INFO 41016 --- [HolaMundo] [http-nio-8080-exec-2] o.s.web.servlet.DispatcherServlet        : Initializing Servlet 'dispatcherServlet'
2026-03-27T02:46:10.588-03:00 DEBUG 41016 --- [HolaMundo] [http-nio-8080-exec-2] o.s.web.servlet.DispatcherServlet        : Detected StandardServletMultipartResolver
2026-03-27T02:46:10.588-03:00 DEBUG 41016 --- [HolaMundo] [http-nio-8080-exec-2] o.s.web.servlet.DispatcherServlet        : Detected AcceptHeaderLocaleResolver
2026-03-27T02:46:10.588-03:00 DEBUG 41016 --- [HolaMundo] [http-nio-8080-exec-2] o.s.web.servlet.DispatcherServlet        : Detected FixedThemeResolver
2026-03-27T02:46:10.590-03:00 DEBUG 41016 --- [HolaMundo] [http-nio-8080-exec-2] o.s.web.servlet.DispatcherServlet        : Detected org.springframework.web.servlet.view.DefaultRequestToViewNameTranslator@690074b5
2026-03-27T02:46:10.590-03:00 DEBUG 41016 --- [HolaMundo] [http-nio-8080-exec-2] o.s.web.servlet.DispatcherServlet        : Detected org.springframework.web.servlet.support.SessionFlashMapManager@fa9edc1
2026-03-27T02:46:10.590-03:00 DEBUG 41016 --- [HolaMundo] [http-nio-8080-exec-2] o.s.web.servlet.DispatcherServlet        : enableLoggingRequestDetails='false': request parameters and headers will be masked to prevent unsafe logging of potentially sensitive data
2026-03-27T02:46:10.591-03:00  INFO 41016 --- [HolaMundo] [http-nio-8080-exec-2] o.s.web.servlet.DispatcherServlet        : Completed initialization in 2 ms
2026-03-27T02:46:10.799-03:00 DEBUG 41016 --- [HolaMundo] [http-nio-8080-exec-2] o.s.web.servlet.DispatcherServlet        : POST "/muestras", parameters={}
2026-03-27T02:46:10.800-03:00 DEBUG 41016 --- [HolaMundo] [http-nio-8080-exec-2] s.w.s.m.m.a.RequestMappingHandlerMapping : Mapped to com.example.demo.controllers.MuestraController#crear(Muestra)
2026-03-27T02:46:10.930-03:00 DEBUG 41016 --- [HolaMundo] [http-nio-8080-exec-2] m.m.a.RequestResponseBodyMethodProcessor : Read "application/json;charset=UTF-8" to [com.example.demo.models.Muestra@7b6f2c45]
2026-03-27T02:46:11.055-03:00 DEBUG 41016 --- [HolaMundo] [http-nio-8080-exec-2] m.m.a.RequestResponseBodyMethodProcessor : Using 'application/json', given [*/*] and supported [application/json, application/*+json]
2026-03-27T02:46:11.056-03:00 DEBUG 41016 --- [HolaMundo] [http-nio-8080-exec-2] m.m.a.RequestResponseBodyMethodProcessor : Writing [com.example.demo.models.Muestra@7b6f2c45]
2026-03-27T02:46:11.072-03:00 DEBUG 41016 --- [HolaMundo] [http-nio-8080-exec-2] o.s.web.servlet.DispatcherServlet        : Completed 200 OK
2026-03-27T02:48:19.178-03:00 DEBUG 41016 --- [HolaMundo] [http-nio-8080-exec-5] o.s.web.servlet.DispatcherServlet        : GET "/muestras", parameters={}
2026-03-27T02:48:19.178-03:00 DEBUG 41016 --- [HolaMundo] [http-nio-8080-exec-5] s.w.s.m.m.a.RequestMappingHandlerMapping : Mapped to com.example.demo.controllers.MuestraController#listar()
2026-03-27T02:48:19.292-03:00 DEBUG 41016 --- [HolaMundo] [http-nio-8080-exec-5] m.m.a.RequestResponseBodyMethodProcessor : Using 'application/json', given [*/*] and supported [application/json, application/*+json]
2026-03-27T02:48:19.292-03:00 DEBUG 41016 --- [HolaMundo] [http-nio-8080-exec-5] m.m.a.RequestResponseBodyMethodProcessor : Writing [[com.example.demo.models.Muestra@43f973c4]]
2026-03-27T02:48:19.350-03:00 DEBUG 41016 --- [HolaMundo] [http-nio-8080-exec-5] o.s.web.servlet.DispatcherServlet        : Completed 200 OK
2026-03-27T02:48:38.989-03:00 DEBUG 41016 --- [HolaMundo] [http-nio-8080-exec-6] o.s.web.servlet.DispatcherServlet        : GET "/muestras/1", parameters={}
2026-03-27T02:48:38.989-03:00 DEBUG 41016 --- [HolaMundo] [http-nio-8080-exec-6] s.w.s.m.m.a.RequestMappingHandlerMapping : Mapped to com.example.demo.controllers.MuestraController#buscarPorId(Long)
2026-03-27T02:48:39.004-03:00 DEBUG 41016 --- [HolaMundo] [http-nio-8080-exec-6] m.m.a.RequestResponseBodyMethodProcessor : Using 'application/json', given [*/*] and supported [application/json, application/*+json]
2026-03-27T02:48:39.004-03:00 DEBUG 41016 --- [HolaMundo] [http-nio-8080-exec-6] m.m.a.RequestResponseBodyMethodProcessor : Writing [com.example.demo.models.Muestra@79ca3ebe]
2026-03-27T02:48:39.007-03:00 DEBUG 41016 --- [HolaMundo] [http-nio-8080-exec-6] o.s.web.servlet.DispatcherServlet        : Completed 200 OK
2026-03-27T02:48:49.196-03:00 DEBUG 41016 --- [HolaMundo] [http-nio-8080-exec-7] o.s.web.servlet.DispatcherServlet        : DELETE "/muestras/1", parameters={}
2026-03-27T02:48:49.196-03:00 DEBUG 41016 --- [HolaMundo] [http-nio-8080-exec-7] s.w.s.m.m.a.RequestMappingHandlerMapping : Mapped to com.example.demo.controllers.MuestraController#eliminarMuestra(Long)
2026-03-27T02:48:49.221-03:00 DEBUG 41016 --- [HolaMundo] [http-nio-8080-exec-7] m.m.a.RequestResponseBodyMethodProcessor : Using 'application/json', given [*/*] and supported [application/json, application/*+json]
2026-03-27T02:48:49.221-03:00 DEBUG 41016 --- [HolaMundo] [http-nio-8080-exec-7] m.m.a.RequestResponseBodyMethodProcessor : Nothing to write: null body
2026-03-27T02:48:49.221-03:00 DEBUG 41016 --- [HolaMundo] [http-nio-8080-exec-7] o.s.web.servlet.DispatcherServlet        : Completed 200 OK
2026-03-27T02:48:53.597-03:00 DEBUG 41016 --- [HolaMundo] [http-nio-8080-exec-8] o.s.web.servlet.DispatcherServlet        : DELETE "/muestras/", parameters={}
2026-03-27T02:48:53.598-03:00 DEBUG 41016 --- [HolaMundo] [http-nio-8080-exec-8] o.s.w.s.handler.SimpleUrlHandlerMapping  : Mapped to ResourceHttpRequestHandler [classpath [META-INF/resources/], classpath [resources/], classpath [static/], classpath [public/], ServletContext [/]]
2026-03-27T02:48:53.601-03:00 DEBUG 41016 --- [HolaMundo] [http-nio-8080-exec-8] o.s.w.s.r.ResourceHttpRequestHandler     : Resource not found
2026-03-27T02:48:53.605-03:00 DEBUG 41016 --- [HolaMundo] [http-nio-8080-exec-8] .w.s.m.s.DefaultHandlerExceptionResolver : Resolved [org.springframework.web.servlet.resource.NoResourceFoundException: No static resource muestras.]
2026-03-27T02:48:53.605-03:00 DEBUG 41016 --- [HolaMundo] [http-nio-8080-exec-8] o.s.web.servlet.DispatcherServlet        : Completed 404 NOT_FOUND
2026-03-27T02:48:53.613-03:00 DEBUG 41016 --- [HolaMundo] [http-nio-8080-exec-8] o.s.web.servlet.DispatcherServlet        : "ERROR" dispatch for DELETE "/error", parameters={}
2026-03-27T02:48:53.613-03:00 DEBUG 41016 --- [HolaMundo] [http-nio-8080-exec-8] s.w.s.m.m.a.RequestMappingHandlerMapping : Mapped to org.springframework.boot.autoconfigure.web.servlet.error.BasicErrorController#error(HttpServletRequest)
2026-03-27T02:48:53.621-03:00 DEBUG 41016 --- [HolaMundo] [http-nio-8080-exec-8] o.s.w.s.m.m.a.HttpEntityMethodProcessor  : Using 'application/json', given [*/*] and supported [application/json, application/*+json]
2026-03-27T02:48:53.622-03:00 DEBUG 41016 --- [HolaMundo] [http-nio-8080-exec-8] o.s.w.s.m.m.a.HttpEntityMethodProcessor  : Writing [{timestamp=Fri Mar 27 02:48:53 CLST 2026, status=404, error=Not Found, trace=org.springframework.web (truncated)...]
2026-03-27T02:48:53.631-03:00 DEBUG 41016 --- [HolaMundo] [http-nio-8080-exec-8] o.s.web.servlet.DispatcherServlet        : Exiting from "ERROR" dispatch, status 404
2026-03-27T02:55:27.761-03:00 DEBUG 41016 --- [HolaMundo] [http-nio-8080-exec-1] o.s.web.servlet.DispatcherServlet        : GET "/muestras/1", parameters={}
2026-03-27T02:55:27.761-03:00 DEBUG 41016 --- [HolaMundo] [http-nio-8080-exec-1] s.w.s.m.m.a.RequestMappingHandlerMapping : Mapped to com.example.demo.controllers.MuestraController#buscarPorId(Long)
2026-03-27T02:55:27.766-03:00 DEBUG 41016 --- [HolaMundo] [http-nio-8080-exec-1] m.m.a.RequestResponseBodyMethodProcessor : Using 'application/json', given [*/*] and supported [application/json, application/*+json]
2026-03-27T02:55:27.766-03:00 DEBUG 41016 --- [HolaMundo] [http-nio-8080-exec-1] m.m.a.RequestResponseBodyMethodProcessor : Nothing to write: null body
2026-03-27T02:55:27.766-03:00 DEBUG 41016 --- [HolaMundo] [http-nio-8080-exec-1] o.s.web.servlet.DispatcherServlet        : Completed 200 OK
2026-03-27T02:55:32.118-03:00 DEBUG 41016 --- [HolaMundo] [http-nio-8080-exec-2] o.s.web.servlet.DispatcherServlet        : GET "/muestras/", parameters={}
2026-03-27T02:55:32.118-03:00 DEBUG 41016 --- [HolaMundo] [http-nio-8080-exec-2] o.s.w.s.handler.SimpleUrlHandlerMapping  : Mapped to ResourceHttpRequestHandler [classpath [META-INF/resources/], classpath [resources/], classpath [static/], classpath [public/], ServletContext [/]]
2026-03-27T02:55:32.159-03:00 DEBUG 41016 --- [HolaMundo] [http-nio-8080-exec-2] o.s.w.s.r.ResourceHttpRequestHandler     : Resource not found
2026-03-27T02:55:32.159-03:00 DEBUG 41016 --- [HolaMundo] [http-nio-8080-exec-2] .w.s.m.s.DefaultHandlerExceptionResolver : Resolved [org.springframework.web.servlet.resource.NoResourceFoundException: No static resource muestras.]
2026-03-27T02:55:32.159-03:00 DEBUG 41016 --- [HolaMundo] [http-nio-8080-exec-2] o.s.web.servlet.DispatcherServlet        : Completed 404 NOT_FOUND
2026-03-27T02:55:32.162-03:00 DEBUG 41016 --- [HolaMundo] [http-nio-8080-exec-2] o.s.web.servlet.DispatcherServlet        : "ERROR" dispatch for GET "/error", parameters={}
2026-03-27T02:55:32.163-03:00 DEBUG 41016 --- [HolaMundo] [http-nio-8080-exec-2] s.w.s.m.m.a.RequestMappingHandlerMapping : Mapped to org.springframework.boot.autoconfigure.web.servlet.error.BasicErrorController#error(HttpServletRequest)
2026-03-27T02:55:32.164-03:00 DEBUG 41016 --- [HolaMundo] [http-nio-8080-exec-2] o.s.w.s.m.m.a.HttpEntityMethodProcessor  : Using 'application/json', given [*/*] and supported [application/json, application/*+json]
2026-03-27T02:55:32.165-03:00 DEBUG 41016 --- [HolaMundo] [http-nio-8080-exec-2] o.s.w.s.m.m.a.HttpEntityMethodProcessor  : Writing [{timestamp=Fri Mar 27 02:55:32 CLST 2026, status=404, error=Not Found, trace=org.springframework.web (truncated)...]
2026-03-27T02:55:32.166-03:00 DEBUG 41016 --- [HolaMundo] [http-nio-8080-exec-2] o.s.web.servlet.DispatcherServlet        : Exiting from "ERROR" dispatch, status 404
2026-03-27T02:56:09.726-03:00 DEBUG 41016 --- [HolaMundo] [http-nio-8080-exec-3] o.s.web.servlet.DispatcherServlet        : GET "/muestras/", parameters={}
2026-03-27T02:56:09.726-03:00 DEBUG 41016 --- [HolaMundo] [http-nio-8080-exec-3] o.s.w.s.handler.SimpleUrlHandlerMapping  : Mapped to ResourceHttpRequestHandler [classpath [META-INF/resources/], classpath [resources/], classpath [static/], classpath [public/], ServletContext [/]]
2026-03-27T02:56:09.730-03:00 DEBUG 41016 --- [HolaMundo] [http-nio-8080-exec-3] o.s.w.s.r.ResourceHttpRequestHandler     : Resource not found
2026-03-27T02:56:09.731-03:00 DEBUG 41016 --- [HolaMundo] [http-nio-8080-exec-3] .w.s.m.s.DefaultHandlerExceptionResolver : Resolved [org.springframework.web.servlet.resource.NoResourceFoundException: No static resource muestras.]
2026-03-27T02:56:09.731-03:00 DEBUG 41016 --- [HolaMundo] [http-nio-8080-exec-3] o.s.web.servlet.DispatcherServlet        : Completed 404 NOT_FOUND
2026-03-27T02:56:09.732-03:00 DEBUG 41016 --- [HolaMundo] [http-nio-8080-exec-3] o.s.web.servlet.DispatcherServlet        : "ERROR" dispatch for GET "/error", parameters={}
2026-03-27T02:56:09.732-03:00 DEBUG 41016 --- [HolaMundo] [http-nio-8080-exec-3] s.w.s.m.m.a.RequestMappingHandlerMapping : Mapped to org.springframework.boot.autoconfigure.web.servlet.error.BasicErrorController#error(HttpServletRequest)
2026-03-27T02:56:09.733-03:00 DEBUG 41016 --- [HolaMundo] [http-nio-8080-exec-3] o.s.w.s.m.m.a.HttpEntityMethodProcessor  : Using 'application/json', given [*/*] and supported [application/json, application/*+json]
2026-03-27T02:56:09.733-03:00 DEBUG 41016 --- [HolaMundo] [http-nio-8080-exec-3] o.s.w.s.m.m.a.HttpEntityMethodProcessor  : Writing [{timestamp=Fri Mar 27 02:56:09 CLST 2026, status=404, error=Not Found, trace=org.springframework.web (truncated)...]
2026-03-27T02:56:09.734-03:00 DEBUG 41016 --- [HolaMundo] [http-nio-8080-exec-3] o.s.web.servlet.DispatcherServlet        : Exiting from "ERROR" dispatch, status 404
2026-03-27T02:57:03.357-03:00 DEBUG 41016 --- [HolaMundo] [http-nio-8080-exec-4] o.s.web.servlet.DispatcherServlet        : GET "/muestras/1", parameters={}
2026-03-27T02:57:03.357-03:00 DEBUG 41016 --- [HolaMundo] [http-nio-8080-exec-4] s.w.s.m.m.a.RequestMappingHandlerMapping : Mapped to com.example.demo.controllers.MuestraController#buscarPorId(Long)
2026-03-27T02:57:03.361-03:00 DEBUG 41016 --- [HolaMundo] [http-nio-8080-exec-4] m.m.a.RequestResponseBodyMethodProcessor : Using 'application/json', given [*/*] and supported [application/json, application/*+json]
2026-03-27T02:57:03.361-03:00 DEBUG 41016 --- [HolaMundo] [http-nio-8080-exec-4] m.m.a.RequestResponseBodyMethodProcessor : Nothing to write: null body
2026-03-27T02:57:03.361-03:00 DEBUG 41016 --- [HolaMundo] [http-nio-8080-exec-4] o.s.web.servlet.DispatcherServlet        : Completed 200 OK
2026-03-27T02:57:23.218-03:00 DEBUG 41016 --- [HolaMundo] [http-nio-8080-exec-5] o.s.web.servlet.DispatcherServlet        : DELETE "/muestras/1", parameters={}
2026-03-27T02:57:23.219-03:00 DEBUG 41016 --- [HolaMundo] [http-nio-8080-exec-5] s.w.s.m.m.a.RequestMappingHandlerMapping : Mapped to com.example.demo.controllers.MuestraController#eliminarMuestra(Long)
2026-03-27T02:57:23.223-03:00 DEBUG 41016 --- [HolaMundo] [http-nio-8080-exec-5] m.m.a.RequestResponseBodyMethodProcessor : Using 'application/json', given [*/*] and supported [application/json, application/*+json]
2026-03-27T02:57:23.223-03:00 DEBUG 41016 --- [HolaMundo] [http-nio-8080-exec-5] m.m.a.RequestResponseBodyMethodProcessor : Nothing to write: null body
2026-03-27T02:57:23.223-03:00 DEBUG 41016 --- [HolaMundo] [http-nio-8080-exec-5] o.s.web.servlet.DispatcherServlet        : Completed 200 OK
2026-03-27T02:57:44.059-03:00 DEBUG 41016 --- [HolaMundo] [http-nio-8080-exec-6] o.s.web.servlet.DispatcherServlet        : GET "/muestras", parameters={}
2026-03-27T02:57:44.060-03:00 DEBUG 41016 --- [HolaMundo] [http-nio-8080-exec-6] s.w.s.m.m.a.RequestMappingHandlerMapping : Mapped to com.example.demo.controllers.MuestraController#listar()
2026-03-27T02:57:44.064-03:00 DEBUG 41016 --- [HolaMundo] [http-nio-8080-exec-6] m.m.a.RequestResponseBodyMethodProcessor : Using 'application/json', given [*/*] and supported [application/json, application/*+json]
2026-03-27T02:57:44.065-03:00 DEBUG 41016 --- [HolaMundo] [http-nio-8080-exec-6] m.m.a.RequestResponseBodyMethodProcessor : Writing [[]]
2026-03-27T02:57:44.065-03:00 DEBUG 41016 --- [HolaMundo] [http-nio-8080-exec-6] o.s.web.servlet.DispatcherServlet        : Completed 200 OK
2026-03-27T03:06:22.651-03:00 DEBUG 41016 --- [HolaMundo] [http-nio-8080-exec-9] o.s.web.servlet.DispatcherServlet        : GET "/muestras/item?item=ABC123", parameters={masked}
2026-03-27T03:06:22.652-03:00 DEBUG 41016 --- [HolaMundo] [http-nio-8080-exec-9] s.w.s.m.m.a.RequestMappingHandlerMapping : Mapped to com.example.demo.controllers.MuestraController#buscarPorItem(String)
2026-03-27T03:06:22.679-03:00 DEBUG 41016 --- [HolaMundo] [http-nio-8080-exec-9] m.m.a.RequestResponseBodyMethodProcessor : Using 'application/json', given [*/*] and supported [application/json, application/*+json]
2026-03-27T03:06:22.680-03:00 DEBUG 41016 --- [HolaMundo] [http-nio-8080-exec-9] m.m.a.RequestResponseBodyMethodProcessor : Writing [[]]
2026-03-27T03:06:22.681-03:00 DEBUG 41016 --- [HolaMundo] [http-nio-8080-exec-9] o.s.web.servlet.DispatcherServlet        : Completed 200 OK
2026-03-27T03:06:33.096-03:00 DEBUG 41016 --- [HolaMundo] [http-nio-8080-exec-10] o.s.web.servlet.DispatcherServlet        : GET "/muestras/item?item=ABC123", parameters={masked}
2026-03-27T03:06:33.096-03:00 DEBUG 41016 --- [HolaMundo] [http-nio-8080-exec-10] s.w.s.m.m.a.RequestMappingHandlerMapping : Mapped to com.example.demo.controllers.MuestraController#buscarPorItem(String)
2026-03-27T03:06:33.100-03:00 DEBUG 41016 --- [HolaMundo] [http-nio-8080-exec-10] m.m.a.RequestResponseBodyMethodProcessor : Using 'application/json', given [*/*] and supported [application/json, application/*+json]
2026-03-27T03:06:33.100-03:00 DEBUG 41016 --- [HolaMundo] [http-nio-8080-exec-10] m.m.a.RequestResponseBodyMethodProcessor : Writing [[]]
2026-03-27T03:06:33.102-03:00 DEBUG 41016 --- [HolaMundo] [http-nio-8080-exec-10] o.s.web.servlet.DispatcherServlet        : Completed 200 OK
2026-03-27T03:06:52.405-03:00 DEBUG 41016 --- [HolaMundo] [http-nio-8080-exec-1] o.s.web.servlet.DispatcherServlet        : GET "/muestras", parameters={}
2026-03-27T03:06:52.406-03:00 DEBUG 41016 --- [HolaMundo] [http-nio-8080-exec-1] s.w.s.m.m.a.RequestMappingHandlerMapping : Mapped to com.example.demo.controllers.MuestraController#listar()
2026-03-27T03:06:52.413-03:00 DEBUG 41016 --- [HolaMundo] [http-nio-8080-exec-1] m.m.a.RequestResponseBodyMethodProcessor : Using 'application/json', given [*/*] and supported [application/json, application/*+json]
2026-03-27T03:06:52.414-03:00 DEBUG 41016 --- [HolaMundo] [http-nio-8080-exec-1] m.m.a.RequestResponseBodyMethodProcessor : Writing [[]]
2026-03-27T03:06:52.417-03:00 DEBUG 41016 --- [HolaMundo] [http-nio-8080-exec-1] o.s.web.servlet.DispatcherServlet        : Completed 200 OK
2026-03-27T03:08:07.306-03:00 DEBUG 41016 --- [HolaMundo] [http-nio-8080-exec-4] o.s.web.servlet.DispatcherServlet        : GET "/muestras", parameters={}
2026-03-27T03:08:07.307-03:00 DEBUG 41016 --- [HolaMundo] [http-nio-8080-exec-4] s.w.s.m.m.a.RequestMappingHandlerMapping : Mapped to com.example.demo.controllers.MuestraController#listar()
2026-03-27T03:08:07.312-03:00 DEBUG 41016 --- [HolaMundo] [http-nio-8080-exec-4] m.m.a.RequestResponseBodyMethodProcessor : Using 'application/json', given [*/*] and supported [application/json, application/*+json]
2026-03-27T03:08:07.312-03:00 DEBUG 41016 --- [HolaMundo] [http-nio-8080-exec-4] m.m.a.RequestResponseBodyMethodProcessor : Writing [[]]
2026-03-27T03:08:07.313-03:00 DEBUG 41016 --- [HolaMundo] [http-nio-8080-exec-4] o.s.web.servlet.DispatcherServlet        : Completed 200 OK
2026-03-27T03:08:42.012-03:00 DEBUG 41016 --- [HolaMundo] [http-nio-8080-exec-5] o.s.web.servlet.DispatcherServlet        : GET "/muestras", parameters={}
2026-03-27T03:08:42.013-03:00 DEBUG 41016 --- [HolaMundo] [http-nio-8080-exec-5] s.w.s.m.m.a.RequestMappingHandlerMapping : Mapped to com.example.demo.controllers.MuestraController#listar()
2026-03-27T03:08:42.017-03:00 DEBUG 41016 --- [HolaMundo] [http-nio-8080-exec-5] m.m.a.RequestResponseBodyMethodProcessor : Using 'application/json', given [*/*] and supported [application/json, application/*+json]
2026-03-27T03:08:42.017-03:00 DEBUG 41016 --- [HolaMundo] [http-nio-8080-exec-5] m.m.a.RequestResponseBodyMethodProcessor : Writing [[]]
2026-03-27T03:08:42.018-03:00 DEBUG 41016 --- [HolaMundo] [http-nio-8080-exec-5] o.s.web.servlet.DispatcherServlet        : Completed 200 OK
2026-03-27T03:08:50.652-03:00 DEBUG 41016 --- [HolaMundo] [http-nio-8080-exec-6] o.s.web.servlet.DispatcherServlet        : GET "/muestras", parameters={}
2026-03-27T03:08:50.652-03:00 DEBUG 41016 --- [HolaMundo] [http-nio-8080-exec-6] s.w.s.m.m.a.RequestMappingHandlerMapping : Mapped to com.example.demo.controllers.MuestraController#listar()
2026-03-27T03:08:50.655-03:00 DEBUG 41016 --- [HolaMundo] [http-nio-8080-exec-6] m.m.a.RequestResponseBodyMethodProcessor : Using 'application/json', given [*/*] and supported [application/json, application/*+json]
2026-03-27T03:08:50.656-03:00 DEBUG 41016 --- [HolaMundo] [http-nio-8080-exec-6] m.m.a.RequestResponseBodyMethodProcessor : Writing [[]]
2026-03-27T03:08:50.657-03:00 DEBUG 41016 --- [HolaMundo] [http-nio-8080-exec-6] o.s.web.servlet.DispatcherServlet        : Completed 200 OK
2026-03-27T03:10:37.431-03:00 DEBUG 41016 --- [HolaMundo] [http-nio-8080-exec-9] o.s.web.servlet.DispatcherServlet        : POST "/muestras", parameters={}
2026-03-27T03:10:37.432-03:00 DEBUG 41016 --- [HolaMundo] [http-nio-8080-exec-9] s.w.s.m.m.a.RequestMappingHandlerMapping : Mapped to com.example.demo.controllers.MuestraController#crear(Muestra)
2026-03-27T03:10:37.434-03:00 DEBUG 41016 --- [HolaMundo] [http-nio-8080-exec-9] m.m.a.RequestResponseBodyMethodProcessor : Read "application/json;charset=UTF-8" to [com.example.demo.models.Muestra@2dba23cb]
2026-03-27T03:10:37.477-03:00 DEBUG 41016 --- [HolaMundo] [http-nio-8080-exec-9] m.m.a.RequestResponseBodyMethodProcessor : Using 'application/json', given [*/*] and supported [application/json, application/*+json]
2026-03-27T03:10:37.477-03:00 DEBUG 41016 --- [HolaMundo] [http-nio-8080-exec-9] m.m.a.RequestResponseBodyMethodProcessor : Writing [com.example.demo.models.Muestra@2dba23cb]
2026-03-27T03:10:37.477-03:00 DEBUG 41016 --- [HolaMundo] [http-nio-8080-exec-9] o.s.web.servlet.DispatcherServlet        : Completed 200 OK
2026-03-27T03:10:49.113-03:00 DEBUG 41016 --- [HolaMundo] [http-nio-8080-exec-10] o.s.web.servlet.DispatcherServlet        : GET "/muestras/1", parameters={}
2026-03-27T03:10:49.114-03:00 DEBUG 41016 --- [HolaMundo] [http-nio-8080-exec-10] s.w.s.m.m.a.RequestMappingHandlerMapping : Mapped to com.example.demo.controllers.MuestraController#buscarPorId(Long)
2026-03-27T03:10:49.117-03:00 DEBUG 41016 --- [HolaMundo] [http-nio-8080-exec-10] m.m.a.RequestResponseBodyMethodProcessor : Using 'application/json', given [*/*] and supported [application/json, application/*+json]
2026-03-27T03:10:49.117-03:00 DEBUG 41016 --- [HolaMundo] [http-nio-8080-exec-10] m.m.a.RequestResponseBodyMethodProcessor : Nothing to write: null body
2026-03-27T03:10:49.117-03:00 DEBUG 41016 --- [HolaMundo] [http-nio-8080-exec-10] o.s.web.servlet.DispatcherServlet        : Completed 200 OK
2026-03-27T03:10:54.860-03:00 DEBUG 41016 --- [HolaMundo] [http-nio-8080-exec-1] o.s.web.servlet.DispatcherServlet        : GET "/muestras/2", parameters={}
2026-03-27T03:10:54.860-03:00 DEBUG 41016 --- [HolaMundo] [http-nio-8080-exec-1] s.w.s.m.m.a.RequestMappingHandlerMapping : Mapped to com.example.demo.controllers.MuestraController#buscarPorId(Long)
2026-03-27T03:10:54.866-03:00 DEBUG 41016 --- [HolaMundo] [http-nio-8080-exec-1] m.m.a.RequestResponseBodyMethodProcessor : Using 'application/json', given [*/*] and supported [application/json, application/*+json]
2026-03-27T03:10:54.866-03:00 DEBUG 41016 --- [HolaMundo] [http-nio-8080-exec-1] m.m.a.RequestResponseBodyMethodProcessor : Writing [com.example.demo.models.Muestra@7a1799a5]
2026-03-27T03:10:54.867-03:00 DEBUG 41016 --- [HolaMundo] [http-nio-8080-exec-1] o.s.web.servlet.DispatcherServlet        : Completed 200 OK
2026-03-27T03:13:17.685-03:00 DEBUG 41016 --- [HolaMundo] [http-nio-8080-exec-4] o.s.web.servlet.DispatcherServlet        : GET "/muestras/lote?lote=L001", parameters={masked}
2026-03-27T03:13:17.686-03:00 DEBUG 41016 --- [HolaMundo] [http-nio-8080-exec-4] s.w.s.m.m.a.RequestMappingHandlerMapping : Mapped to com.example.demo.controllers.MuestraController#buscarPorLote(String)
2026-03-27T03:13:17.693-03:00 DEBUG 41016 --- [HolaMundo] [http-nio-8080-exec-4] m.m.a.RequestResponseBodyMethodProcessor : Using 'application/json', given [*/*] and supported [application/json, application/*+json]
2026-03-27T03:13:17.693-03:00 DEBUG 41016 --- [HolaMundo] [http-nio-8080-exec-4] m.m.a.RequestResponseBodyMethodProcessor : Writing [[com.example.demo.models.Muestra@117e2057]]
2026-03-27T03:13:17.696-03:00 DEBUG 41016 --- [HolaMundo] [http-nio-8080-exec-4] o.s.web.servlet.DispatcherServlet        : Completed 200 OK
2026-03-27T03:13:39.582-03:00 DEBUG 41016 --- [HolaMundo] [http-nio-8080-exec-5] o.s.web.servlet.DispatcherServlet        : GET "/muestras/lote", parameters={}
2026-03-27T03:13:39.582-03:00 DEBUG 41016 --- [HolaMundo] [http-nio-8080-exec-5] s.w.s.m.m.a.RequestMappingHandlerMapping : Mapped to com.example.demo.controllers.MuestraController#buscarPorLote(String)
2026-03-27T03:13:39.582-03:00 DEBUG 41016 --- [HolaMundo] [http-nio-8080-exec-5] o.s.web.method.HandlerMethod             : Could not resolve parameter [0] in public java.util.List<com.example.demo.models.Muestra> com.example.demo.controllers.MuestraController.buscarPorLote(java.lang.String): Required request parameter 'lote' for method parameter type String is not present
2026-03-27T03:13:39.589-03:00  WARN 41016 --- [HolaMundo] [http-nio-8080-exec-5] .w.s.m.s.DefaultHandlerExceptionResolver : Resolved [org.springframework.web.bind.MissingServletRequestParameterException: Required request parameter 'lote' for method parameter type String is not present]
2026-03-27T03:13:39.589-03:00 DEBUG 41016 --- [HolaMundo] [http-nio-8080-exec-5] o.s.web.servlet.DispatcherServlet        : Completed 400 BAD_REQUEST
2026-03-27T03:13:39.589-03:00 DEBUG 41016 --- [HolaMundo] [http-nio-8080-exec-5] o.s.web.servlet.DispatcherServlet        : "ERROR" dispatch for GET "/error", parameters={}
2026-03-27T03:13:39.589-03:00 DEBUG 41016 --- [HolaMundo] [http-nio-8080-exec-5] s.w.s.m.m.a.RequestMappingHandlerMapping : Mapped to org.springframework.boot.autoconfigure.web.servlet.error.BasicErrorController#error(HttpServletRequest)
2026-03-27T03:13:39.589-03:00 DEBUG 41016 --- [HolaMundo] [http-nio-8080-exec-5] o.s.w.s.m.m.a.HttpEntityMethodProcessor  : Using 'application/json', given [*/*] and supported [application/json, application/*+json]
2026-03-27T03:13:39.596-03:00 DEBUG 41016 --- [HolaMundo] [http-nio-8080-exec-5] o.s.w.s.m.m.a.HttpEntityMethodProcessor  : Writing [{timestamp=Fri Mar 27 03:13:39 CLST 2026, status=400, error=Bad Request, trace=org.springframework.w (truncated)...]
2026-03-27T03:13:39.596-03:00 DEBUG 41016 --- [HolaMundo] [http-nio-8080-exec-5] o.s.web.servlet.DispatcherServlet        : Exiting from "ERROR" dispatch, status 400
2026-03-27T03:14:42.190-03:00 DEBUG 41016 --- [HolaMundo] [http-nio-8080-exec-7] o.s.web.servlet.DispatcherServlet        : GET "/muestras/lote?lote=L001", parameters={masked}
2026-03-27T03:14:42.190-03:00 DEBUG 41016 --- [HolaMundo] [http-nio-8080-exec-7] s.w.s.m.m.a.RequestMappingHandlerMapping : Mapped to com.example.demo.controllers.MuestraController#buscarPorLote(String)
2026-03-27T03:14:42.195-03:00 DEBUG 41016 --- [HolaMundo] [http-nio-8080-exec-7] m.m.a.RequestResponseBodyMethodProcessor : Using 'application/json', given [*/*] and supported [application/json, application/*+json]
2026-03-27T03:14:42.196-03:00 DEBUG 41016 --- [HolaMundo] [http-nio-8080-exec-7] m.m.a.RequestResponseBodyMethodProcessor : Writing [[com.example.demo.models.Muestra@105b883b]]
2026-03-27T03:14:42.198-03:00 DEBUG 41016 --- [HolaMundo] [http-nio-8080-exec-7] o.s.web.servlet.DispatcherServlet        : Completed 200 OK
2026-03-27T03:14:55.185-03:00 DEBUG 41016 --- [HolaMundo] [http-nio-8080-exec-8] o.s.web.servlet.DispatcherServlet        : GET "/muestras/item?item=ABC123", parameters={masked}
2026-03-27T03:14:55.185-03:00 DEBUG 41016 --- [HolaMundo] [http-nio-8080-exec-8] s.w.s.m.m.a.RequestMappingHandlerMapping : Mapped to com.example.demo.controllers.MuestraController#buscarPorItem(String)
2026-03-27T03:14:55.189-03:00 DEBUG 41016 --- [HolaMundo] [http-nio-8080-exec-8] m.m.a.RequestResponseBodyMethodProcessor : Using 'application/json', given [*/*] and supported [application/json, application/*+json]
2026-03-27T03:14:55.189-03:00 DEBUG 41016 --- [HolaMundo] [http-nio-8080-exec-8] m.m.a.RequestResponseBodyMethodProcessor : Writing [[com.example.demo.models.Muestra@5481fc67]]
2026-03-27T03:14:55.195-03:00 DEBUG 41016 --- [HolaMundo] [http-nio-8080-exec-8] o.s.web.servlet.DispatcherServlet        : Completed 200 OK
2026-03-27T03:15:05.122-03:00 DEBUG 41016 --- [HolaMundo] [http-nio-8080-exec-9] o.s.web.servlet.DispatcherServlet        : GET "/muestras/item?item=NO_EXISTE", parameters={masked}
2026-03-27T03:15:05.129-03:00 DEBUG 41016 --- [HolaMundo] [http-nio-8080-exec-9] s.w.s.m.m.a.RequestMappingHandlerMapping : Mapped to com.example.demo.controllers.MuestraController#buscarPorItem(String)
2026-03-27T03:15:05.129-03:00 DEBUG 41016 --- [HolaMundo] [http-nio-8080-exec-9] m.m.a.RequestResponseBodyMethodProcessor : Using 'application/json', given [*/*] and supported [application/json, application/*+json]
2026-03-27T03:15:05.129-03:00 DEBUG 41016 --- [HolaMundo] [http-nio-8080-exec-9] m.m.a.RequestResponseBodyMethodProcessor : Writing [[]]
2026-03-27T03:15:05.129-03:00 DEBUG 41016 --- [HolaMundo] [http-nio-8080-exec-9] o.s.web.servlet.DispatcherServlet        : Completed 200 OK
2026-03-27T03:15:19.458-03:00 DEBUG 41016 --- [HolaMundo] [http-nio-8080-exec-10] o.s.web.servlet.DispatcherServlet        : GET "/muestras/lote?lote=XXX", parameters={masked}
2026-03-27T03:15:19.458-03:00 DEBUG 41016 --- [HolaMundo] [http-nio-8080-exec-10] s.w.s.m.m.a.RequestMappingHandlerMapping : Mapped to com.example.demo.controllers.MuestraController#buscarPorLote(String)
2026-03-27T03:15:19.465-03:00 DEBUG 41016 --- [HolaMundo] [http-nio-8080-exec-10] m.m.a.RequestResponseBodyMethodProcessor : Using 'application/json', given [*/*] and supported [application/json, application/*+json]
2026-03-27T03:15:19.465-03:00 DEBUG 41016 --- [HolaMundo] [http-nio-8080-exec-10] m.m.a.RequestResponseBodyMethodProcessor : Writing [[]]
2026-03-27T03:15:19.467-03:00 DEBUG 41016 --- [HolaMundo] [http-nio-8080-exec-10] o.s.web.servlet.DispatcherServlet        : Completed 200 OK
2026-03-27T03:15:30.519-03:00 DEBUG 41016 --- [HolaMundo] [http-nio-8080-exec-1] o.s.web.servlet.DispatcherServlet        : GET "/muestras/item?item=abc123", parameters={masked}
2026-03-27T03:15:30.519-03:00 DEBUG 41016 --- [HolaMundo] [http-nio-8080-exec-1] s.w.s.m.m.a.RequestMappingHandlerMapping : Mapped to com.example.demo.controllers.MuestraController#buscarPorItem(String)
2026-03-27T03:15:30.527-03:00 DEBUG 41016 --- [HolaMundo] [http-nio-8080-exec-1] m.m.a.RequestResponseBodyMethodProcessor : Using 'application/json', given [*/*] and supported [application/json, application/*+json]
2026-03-27T03:15:30.527-03:00 DEBUG 41016 --- [HolaMundo] [http-nio-8080-exec-1] m.m.a.RequestResponseBodyMethodProcessor : Writing [[com.example.demo.models.Muestra@4168ccaf]]
2026-03-27T03:15:30.527-03:00 DEBUG 41016 --- [HolaMundo] [http-nio-8080-exec-1] o.s.web.servlet.DispatcherServlet        : Completed 200 OK
2026-03-27T03:20:34.808-03:00 DEBUG 41016 --- [HolaMundo] [http-nio-8080-exec-4] o.s.web.servlet.DispatcherServlet        : POST "/muestras", parameters={}
2026-03-27T03:20:34.811-03:00 DEBUG 41016 --- [HolaMundo] [http-nio-8080-exec-4] s.w.s.m.m.a.RequestMappingHandlerMapping : Mapped to com.example.demo.controllers.MuestraController#crear(Muestra)
2026-03-27T03:20:34.812-03:00 DEBUG 41016 --- [HolaMundo] [http-nio-8080-exec-4] m.m.a.RequestResponseBodyMethodProcessor : Read "application/json;charset=UTF-8" to [com.example.demo.models.Muestra@ad2afbc]
2026-03-27T03:20:34.855-03:00 DEBUG 41016 --- [HolaMundo] [http-nio-8080-exec-4] m.m.a.RequestResponseBodyMethodProcessor : Using 'application/json', given [*/*] and supported [application/json, application/*+json]
2026-03-27T03:20:34.855-03:00 DEBUG 41016 --- [HolaMundo] [http-nio-8080-exec-4] m.m.a.RequestResponseBodyMethodProcessor : Writing [com.example.demo.models.Muestra@ad2afbc]
2026-03-27T03:20:34.856-03:00 DEBUG 41016 --- [HolaMundo] [http-nio-8080-exec-4] o.s.web.servlet.DispatcherServlet        : Completed 200 OK
2026-03-27T03:20:44.454-03:00 DEBUG 41016 --- [HolaMundo] [http-nio-8080-exec-5] o.s.web.servlet.DispatcherServlet        : GET "/muestras/item?item=abc123", parameters={masked}
2026-03-27T03:20:44.455-03:00 DEBUG 41016 --- [HolaMundo] [http-nio-8080-exec-5] s.w.s.m.m.a.RequestMappingHandlerMapping : Mapped to com.example.demo.controllers.MuestraController#buscarPorItem(String)
2026-03-27T03:20:44.459-03:00 DEBUG 41016 --- [HolaMundo] [http-nio-8080-exec-5] m.m.a.RequestResponseBodyMethodProcessor : Using 'application/json', given [*/*] and supported [application/json, application/*+json]
2026-03-27T03:20:44.460-03:00 DEBUG 41016 --- [HolaMundo] [http-nio-8080-exec-5] m.m.a.RequestResponseBodyMethodProcessor : Writing [[com.example.demo.models.Muestra@7584d2d6]]
2026-03-27T03:20:44.461-03:00 DEBUG 41016 --- [HolaMundo] [http-nio-8080-exec-5] o.s.web.servlet.DispatcherServlet        : Completed 200 OK
2026-03-27T03:29:00.478-03:00 DEBUG 41016 --- [HolaMundo] [http-nio-8080-exec-8] o.s.web.servlet.DispatcherServlet        : GET "/resultados", parameters={}
2026-03-27T03:29:00.478-03:00 DEBUG 41016 --- [HolaMundo] [http-nio-8080-exec-8] s.w.s.m.m.a.RequestMappingHandlerMapping : Mapped to com.example.demo.controllers.ResultadoController#listar()
2026-03-27T03:29:00.484-03:00 DEBUG 41016 --- [HolaMundo] [http-nio-8080-exec-8] m.m.a.RequestResponseBodyMethodProcessor : Using 'application/json', given [*/*] and supported [application/json, application/*+json]
2026-03-27T03:29:00.484-03:00 DEBUG 41016 --- [HolaMundo] [http-nio-8080-exec-8] m.m.a.RequestResponseBodyMethodProcessor : Writing [[]]
2026-03-27T03:29:00.485-03:00 DEBUG 41016 --- [HolaMundo] [http-nio-8080-exec-8] o.s.web.servlet.DispatcherServlet        : Completed 200 OK
2026-03-27T03:29:12.764-03:00 DEBUG 41016 --- [HolaMundo] [http-nio-8080-exec-9] o.s.web.servlet.DispatcherServlet        : GET "/resultados", parameters={}
2026-03-27T03:29:12.764-03:00 DEBUG 41016 --- [HolaMundo] [http-nio-8080-exec-9] s.w.s.m.m.a.RequestMappingHandlerMapping : Mapped to com.example.demo.controllers.ResultadoController#listar()
2026-03-27T03:29:12.772-03:00 DEBUG 41016 --- [HolaMundo] [http-nio-8080-exec-9] m.m.a.RequestResponseBodyMethodProcessor : Using 'application/json', given [*/*] and supported [application/json, application/*+json]
2026-03-27T03:29:12.772-03:00 DEBUG 41016 --- [HolaMundo] [http-nio-8080-exec-9] m.m.a.RequestResponseBodyMethodProcessor : Writing [[]]
2026-03-27T03:29:12.772-03:00 DEBUG 41016 --- [HolaMundo] [http-nio-8080-exec-9] o.s.web.servlet.DispatcherServlet        : Completed 200 OK
2026-03-27T03:29:19.977-03:00 DEBUG 41016 --- [HolaMundo] [http-nio-8080-exec-10] o.s.web.servlet.DispatcherServlet        : GET "/resultados", parameters={}
2026-03-27T03:29:19.977-03:00 DEBUG 41016 --- [HolaMundo] [http-nio-8080-exec-10] s.w.s.m.m.a.RequestMappingHandlerMapping : Mapped to com.example.demo.controllers.ResultadoController#listar()
2026-03-27T03:29:19.977-03:00 DEBUG 41016 --- [HolaMundo] [http-nio-8080-exec-10] m.m.a.RequestResponseBodyMethodProcessor : Using 'application/json', given [*/*] and supported [application/json, application/*+json]
2026-03-27T03:29:19.977-03:00 DEBUG 41016 --- [HolaMundo] [http-nio-8080-exec-10] m.m.a.RequestResponseBodyMethodProcessor : Writing [[]]
2026-03-27T03:29:19.983-03:00 DEBUG 41016 --- [HolaMundo] [http-nio-8080-exec-10] o.s.web.servlet.DispatcherServlet        : Completed 200 OK
2026-03-27T03:29:32.950-03:00 DEBUG 41016 --- [HolaMundo] [http-nio-8080-exec-1] o.s.web.servlet.DispatcherServlet        : POST "/resultados", parameters={}
2026-03-27T03:29:32.950-03:00 DEBUG 41016 --- [HolaMundo] [http-nio-8080-exec-1] s.w.s.m.m.a.RequestMappingHandlerMapping : Mapped to com.example.demo.controllers.ResultadoController#crear(Resultado)
2026-03-27T03:29:32.957-03:00 DEBUG 41016 --- [HolaMundo] [http-nio-8080-exec-1] m.m.a.RequestResponseBodyMethodProcessor : Read "application/json;charset=UTF-8" to [com.example.demo.models.Resultado@57a2273d]
2026-03-27T03:29:32.977-03:00 DEBUG 41016 --- [HolaMundo] [http-nio-8080-exec-1] m.m.a.RequestResponseBodyMethodProcessor : Using 'application/json', given [*/*] and supported [application/json, application/*+json]
2026-03-27T03:29:32.978-03:00 DEBUG 41016 --- [HolaMundo] [http-nio-8080-exec-1] m.m.a.RequestResponseBodyMethodProcessor : Writing [com.example.demo.models.Resultado@57a2273d]
2026-03-27T03:29:32.979-03:00 DEBUG 41016 --- [HolaMundo] [http-nio-8080-exec-1] o.s.web.servlet.DispatcherServlet        : Completed 200 OK
2026-03-27T03:30:11.596-03:00 DEBUG 41016 --- [HolaMundo] [http-nio-8080-exec-2] o.s.web.servlet.DispatcherServlet        : GET "/muestras", parameters={}
2026-03-27T03:30:11.596-03:00 DEBUG 41016 --- [HolaMundo] [http-nio-8080-exec-2] s.w.s.m.m.a.RequestMappingHandlerMapping : Mapped to com.example.demo.controllers.MuestraController#listar()
2026-03-27T03:30:11.601-03:00 DEBUG 41016 --- [HolaMundo] [http-nio-8080-exec-2] m.m.a.RequestResponseBodyMethodProcessor : Using 'application/json', given [*/*] and supported [application/json, application/*+json]
2026-03-27T03:30:11.601-03:00 DEBUG 41016 --- [HolaMundo] [http-nio-8080-exec-2] m.m.a.RequestResponseBodyMethodProcessor : Writing [[com.example.demo.models.Muestra@8aa2bd8, com.example.demo.models.Muestra@6845ba1c]]
2026-03-27T03:30:11.621-03:00  WARN 41016 --- [HolaMundo] [http-nio-8080-exec-2] .w.s.m.s.DefaultHandlerExceptionResolver : Ignoring exception, response committed already: org.springframework.http.converter.HttpMessageNotWritableException: Could not write JSON: Document nesting depth (1001) exceeds the maximum allowed (1000, from `StreamWriteConstraints.getMaxNestingDepth()`)
2026-03-27T03:30:11.621-03:00  WARN 41016 --- [HolaMundo] [http-nio-8080-exec-2] .w.s.m.s.DefaultHandlerExceptionResolver : Resolved [org.springframework.http.converter.HttpMessageNotWritableException: Could not write JSON: Document nesting depth (1001) exceeds the maximum allowed (1000, from `StreamWriteConstraints.getMaxNestingDepth()`)]
2026-03-27T03:30:11.621-03:00 DEBUG 41016 --- [HolaMundo] [http-nio-8080-exec-2] o.s.web.servlet.DispatcherServlet        : Completed 200 OK
2026-03-27T03:33:37.363-03:00  INFO 41016 --- [HolaMundo] [RMI TCP Connection(51)-127.0.0.1] inMXBeanRegistrar$SpringApplicationAdmin : Application shutdown requested.
2026-03-27T03:33:37.365-03:00  INFO 41016 --- [HolaMundo] [RMI TCP Connection(51)-127.0.0.1] o.s.b.w.e.tomcat.GracefulShutdown        : Commencing graceful shutdown. Waiting for active requests to complete
2026-03-27T03:33:37.371-03:00  INFO 41016 --- [HolaMundo] [tomcat-shutdown] o.s.b.w.e.tomcat.GracefulShutdown        : Graceful shutdown complete
2026-03-27T03:33:37.374-03:00  INFO 41016 --- [HolaMundo] [RMI TCP Connection(51)-127.0.0.1] j.LocalContainerEntityManagerFactoryBean : Closing JPA EntityManagerFactory for persistence unit 'default'
2026-03-27T03:33:37.376-03:00  INFO 41016 --- [HolaMundo] [RMI TCP Connection(51)-127.0.0.1] com.zaxxer.hikari.HikariDataSource       : HikariPool-1 - Shutdown initiated...
2026-03-27T03:33:37.379-03:00  INFO 41016 --- [HolaMundo] [RMI TCP Connection(51)-127.0.0.1] com.zaxxer.hikari.HikariDataSource       : HikariPool-1 - Shutdown completed.
